  ConfigurationType : DynamicLibrary
  Configuration     : DebugDLL
  PlatformToolset   : v140
  TargetPath        : E:\Study\ZeroMQ\zeromq-4.2.3\builds\msvc\vs2015\libzmq\..\..\..\..\bin\Win32\Debug\v140\dynamic\libzmq.dll
  Option-tweet      : true
  Option-sodium     : 
  Option-openpgm    : 
  Option-gssapi     : 
  Option-draftapi   : 
  Option-usepoll    : 
  precompiled.cpp
  address.cpp
  client.cpp
  clock.cpp
  ctx.cpp
  curve_client.cpp
  curve_mechanism_base.cpp
  curve_server.cpp
  dealer.cpp
  decoder_allocators.cpp
  devpoll.cpp
  dgram.cpp
  dish.cpp
  dist.cpp
  epoll.cpp
  err.cpp
  fq.cpp
  gather.cpp
  gssapi_client.cpp
  gssapi_mechanism_base.cpp
  gssapi_server.cpp
  io_object.cpp
  io_thread.cpp
  ip.cpp
  ipc_address.cpp
  ipc_connecter.cpp
  ipc_listener.cpp
  kqueue.cpp
  lb.cpp
  mailbox.cpp
  mailbox_safe.cpp
  mechanism.cpp
  mechanism_base.cpp
  metadata.cpp
  msg.cpp
  mtrie.cpp
  null_mechanism.cpp
  object.cpp
  options.cpp
  own.cpp
  pair.cpp
  pgm_receiver.cpp
  pgm_sender.cpp
  pgm_socket.cpp
  pipe.cpp
  plain_client.cpp
  plain_server.cpp
  poll.cpp
  poller_base.cpp
  proxy.cpp
  pub.cpp
..\..\..\..\src\proxy.cpp(37): warning C4627: “#include <poll.h>”: 在查找预编译头使用时跳过
  ..\..\..\..\src\proxy.cpp(37): note: 将指令添加到“precompiled.hpp”或重新生成预编译头
  pull.cpp
  push.cpp
  radio.cpp
  random.cpp
  raw_decoder.cpp
  raw_encoder.cpp
  reaper.cpp
  rep.cpp
  req.cpp
  router.cpp
  scatter.cpp
  select.cpp
  server.cpp
  session_base.cpp
  signaler.cpp
..\..\..\..\src\signaler.cpp(37): warning C4627: “#include <poll.h>”: 在查找预编译头使用时跳过
  ..\..\..\..\src\signaler.cpp(37): note: 将指令添加到“precompiled.hpp”或重新生成预编译头
  socket_base.cpp
  socket_poller.cpp
  socks.cpp
  socks_connecter.cpp
  stream.cpp
  stream_engine.cpp
  sub.cpp
  tcp.cpp
  tcp_address.cpp
  tcp_connecter.cpp
  tcp_listener.cpp
  thread.cpp
  timers.cpp
  trie.cpp
  udp_address.cpp
  udp_engine.cpp
  v1_decoder.cpp
  v1_encoder.cpp
  v2_decoder.cpp
  v2_encoder.cpp
  xpub.cpp
  xsub.cpp
  zap_client.cpp
  zmq.cpp
  zmq_utils.cpp
  tweetnacl.c
    正在创建库 E:\Study\ZeroMQ\zeromq-4.2.3\builds\msvc\vs2015\libzmq\..\..\..\..\bin\Win32\Debug\v140\dynamic\libzmq.lib 和对象 E:\Study\ZeroMQ\zeromq-4.2.3\builds\msvc\vs2015\libzmq\..\..\..\..\bin\Win32\Debug\v140\dynamic\libzmq.exp
  libzmq.vcxproj -> E:\Study\ZeroMQ\zeromq-4.2.3\builds\msvc\vs2015\libzmq\..\..\..\..\bin\Win32\Debug\v140\dynamic\libzmq.dll
